<?xml version="1.0" encoding="UTF-8"?>
<!-- Generated by org.testng.reporters.JUnitXMLReporter -->
<testsuite ignored="0" hostname="Vignesh" failures="0" tests="5" name="Test" time="2.504" errors="0" timestamp="2024-12-17T22:56:56 IST">
  <testcase classname="org.day1.Testng1" name="setupWebDriver" time="1.492"/>
  <testcase classname="org.day1.Testng1" name="browserLaunch" time="0.74"/>
  <testcase classname="org.day1.Testng1" name="valuesEnter" time="0.143"/>
  <testcase classname="org.day1.Testng1" name="login" time="0.088"/>
  <testcase classname="org.day1.Testng1" name="tc05" time="0.001"/>
</testsuite> <!-- Test -->
