<?xml version="1.0" encoding="UTF-8"?>
<testng-results ignored="0" total="4" passed="3" failed="1" skipped="0">
  <reporter-output>
  </reporter-output>
  <suite started-at="2024-12-19T10:44:57 IST" name="Default suite" finished-at="2024-12-19T10:44:59 IST" duration-ms="2020">
    <groups>
    </groups>
    <test started-at="2024-12-19T10:44:57 IST" name="Default test" finished-at="2024-12-19T10:44:59 IST" duration-ms="2020">
      <class name="org.day1.Testng1">
        <test-method signature="setupWebDriver()[pri:0, instance:org.day1.Testng1@609e8838]" started-at="2024-12-19T10:44:57 IST" name="setupWebDriver" finished-at="2024-12-19T10:44:58 IST" duration-ms="1309" status="PASS">
          <reporter-output>
          </reporter-output>
        </test-method> <!-- setupWebDriver -->
        <test-method signature="browserLaunch()[pri:1, instance:org.day1.Testng1@609e8838]" started-at="2024-12-19T10:44:58 IST" name="browserLaunch" finished-at="2024-12-19T10:44:59 IST" duration-ms="632" status="PASS">
          <reporter-output>
          </reporter-output>
        </test-method> <!-- browserLaunch -->
        <test-method signature="valuesEnter(java.lang.String,java.lang.String)[pri:2, instance:org.day1.Testng1@609e8838]" started-at="2024-12-19T10:44:59 IST" name="valuesEnter" finished-at="2024-12-19T10:44:59 IST" duration-ms="0" status="FAIL">
          <exception class="org.testng.TestNGException">
            <message>
              <![CDATA[
Parameter 'user' is required by @Test on method valuesEnter but has not been marked @Optional or defined
in C:\Users\Vigneshwaran\AppData\Local\Temp\testng-eclipse-2019994626\testng-customsuite.xml]]>
            </message>
            <full-stacktrace>
              <![CDATA[org.testng.TestNGException: 
Parameter 'user' is required by @Test on method valuesEnter but has not been marked @Optional or defined
in C:\Users\Vigneshwaran\AppData\Local\Temp\testng-eclipse-2019994626\testng-customsuite.xml
at org.testng.internal.Parameters.createParams(Parameters.java:264)
at org.testng.internal.Parameters.createParametersForMethod(Parameters.java:352)
at org.testng.internal.Parameters.createParameters(Parameters.java:690)
at org.testng.internal.Parameters.handleParameters(Parameters.java:885)
at org.testng.internal.Parameters.handleParameters(Parameters.java:734)
at org.testng.internal.invokers.ParameterHandler.handleParameters(ParameterHandler.java:72)
at org.testng.internal.invokers.ParameterHandler.createParameters(ParameterHandler.java:51)
at org.testng.internal.invokers.TestInvoker$MethodInvocationAgent.invoke(TestInvoker.java:946)
at org.testng.internal.invokers.TestInvoker.invokeTestMethods(TestInvoker.java:203)
at org.testng.internal.invokers.TestMethodWorker.invokeTestMethods(TestMethodWorker.java:154)
at org.testng.internal.invokers.TestMethodWorker.run(TestMethodWorker.java:134)
at java.base/java.util.ArrayList.forEach(ArrayList.java:1541)
at org.testng.TestRunner.privateRun(TestRunner.java:739)
at org.testng.TestRunner.run(TestRunner.java:614)
at org.testng.SuiteRunner.runTest(SuiteRunner.java:421)
at org.testng.SuiteRunner.runSequentially(SuiteRunner.java:413)
at org.testng.SuiteRunner.privateRun(SuiteRunner.java:373)
at org.testng.SuiteRunner.run(SuiteRunner.java:312)
at org.testng.SuiteRunnerWorker.runSuite(SuiteRunnerWorker.java:52)
at org.testng.SuiteRunnerWorker.run(SuiteRunnerWorker.java:95)
at org.testng.TestNG.runSuitesSequentially(TestNG.java:1274)
at org.testng.TestNG.runSuitesLocally(TestNG.java:1208)
at org.testng.TestNG.runSuites(TestNG.java:1112)
at org.testng.TestNG.run(TestNG.java:1079)
at org.testng.remote.AbstractRemoteTestNG.run(AbstractRemoteTestNG.java:115)
at org.testng.remote.RemoteTestNG.initAndRun(RemoteTestNG.java:293)
at org.testng.remote.RemoteTestNG.main(RemoteTestNG.java:91)
]]>
            </full-stacktrace>
          </exception> <!-- org.testng.TestNGException -->
          <reporter-output>
          </reporter-output>
        </test-method> <!-- valuesEnter -->
        <test-method signature="tc05()[pri:4, instance:org.day1.Testng1@609e8838]" started-at="2024-12-19T10:44:59 IST" name="tc05" finished-at="2024-12-19T10:44:59 IST" duration-ms="17" status="PASS">
          <reporter-output>
          </reporter-output>
        </test-method> <!-- tc05 -->
      </class> <!-- org.day1.Testng1 -->
    </test> <!-- Default test -->
  </suite> <!-- Default suite -->
</testng-results>
